<?xml version="1.0" encoding="UTF-8"?>
<testsuite name="com.yorkdigital.NightTimeTemperature.NightTimeTemperatureApplicationTests" tests="1" skipped="0" failures="0" errors="0" timestamp="2021-04-14T15:16:34" hostname="iMac-hitman3r44.local" time="60.541">
  <properties/>
  <testcase name="testMockNightTimeTemperatureService()" classname="com.yorkdigital.NightTimeTemperature.NightTimeTemperatureApplicationTests" time="60.541"/>
  <system-out><![CDATA[11:16:32.952 [Test worker] DEBUG org.springframework.test.context.BootstrapUtils - Instantiating CacheAwareContextLoaderDelegate from class [org.springframework.test.context.cache.DefaultCacheAwareContextLoaderDelegate]
11:16:32.953 [Test worker] DEBUG org.springframework.test.context.BootstrapUtils - Instantiating BootstrapContext using constructor [public org.springframework.test.context.support.DefaultBootstrapContext(java.lang.Class,org.springframework.test.context.CacheAwareContextLoaderDelegate)]
11:16:32.978 [Test worker] DEBUG org.springframework.test.context.BootstrapUtils - Instantiating TestContextBootstrapper for test class [com.yorkdigital.NightTimeTemperature.NightTimeTemperatureApplicationTests] from class [org.springframework.boot.test.context.SpringBootTestContextBootstrapper]
11:16:32.987 [Test worker] INFO org.springframework.boot.test.context.SpringBootTestContextBootstrapper - Neither @ContextConfiguration nor @ContextHierarchy found for test class [com.yorkdigital.NightTimeTemperature.NightTimeTemperatureApplicationTests], using SpringBootContextLoader
11:16:32.990 [Test worker] DEBUG org.springframework.test.context.support.AbstractContextLoader - Did not detect default resource location for test class [com.yorkdigital.NightTimeTemperature.NightTimeTemperatureApplicationTests]: class path resource [com/yorkdigital/NightTimeTemperature/NightTimeTemperatureApplicationTests-context.xml] does not exist
11:16:32.990 [Test worker] DEBUG org.springframework.test.context.support.AbstractContextLoader - Did not detect default resource location for test class [com.yorkdigital.NightTimeTemperature.NightTimeTemperatureApplicationTests]: class path resource [com/yorkdigital/NightTimeTemperature/NightTimeTemperatureApplicationTestsContext.groovy] does not exist
11:16:32.990 [Test worker] INFO org.springframework.test.context.support.AbstractContextLoader - Could not detect default resource locations for test class [com.yorkdigital.NightTimeTemperature.NightTimeTemperatureApplicationTests]: no resource found for suffixes {-context.xml, Context.groovy}.
11:16:32.991 [Test worker] INFO org.springframework.test.context.support.AnnotationConfigContextLoaderUtils - Could not detect default configuration classes for test class [com.yorkdigital.NightTimeTemperature.NightTimeTemperatureApplicationTests]: NightTimeTemperatureApplicationTests does not declare any static, non-private, non-final, nested classes annotated with @Configuration.
11:16:33.023 [Test worker] DEBUG org.springframework.test.context.support.ActiveProfilesUtils - Could not find an 'annotation declaring class' for annotation type [org.springframework.test.context.ActiveProfiles] and class [com.yorkdigital.NightTimeTemperature.NightTimeTemperatureApplicationTests]
11:16:33.074 [Test worker] DEBUG org.springframework.context.annotation.ClassPathScanningCandidateComponentProvider - Identified candidate component class: file [/Users/catalina/Workspace/Test/YorkDigital/NightTimeTemperature-main/build/classes/java/main/com/yorkdigital/NightTimeTemperature/NightTimeTemperatureApplication.class]
11:16:33.074 [Test worker] INFO org.springframework.boot.test.context.SpringBootTestContextBootstrapper - Found @SpringBootConfiguration com.yorkdigital.NightTimeTemperature.NightTimeTemperatureApplication for test class com.yorkdigital.NightTimeTemperature.NightTimeTemperatureApplicationTests
11:16:33.149 [Test worker] DEBUG org.springframework.boot.test.context.SpringBootTestContextBootstrapper - @TestExecutionListeners is not present for class [com.yorkdigital.NightTimeTemperature.NightTimeTemperatureApplicationTests]: using defaults.
11:16:33.149 [Test worker] INFO org.springframework.boot.test.context.SpringBootTestContextBootstrapper - Loaded default TestExecutionListener class names from location [META-INF/spring.factories]: [org.springframework.boot.test.autoconfigure.restdocs.RestDocsTestExecutionListener, org.springframework.boot.test.autoconfigure.web.client.MockRestServiceServerResetTestExecutionListener, org.springframework.boot.test.autoconfigure.web.servlet.MockMvcPrintOnlyOnFailureTestExecutionListener, org.springframework.boot.test.autoconfigure.web.servlet.WebDriverTestExecutionListener, org.springframework.boot.test.autoconfigure.webservices.client.MockWebServiceServerTestExecutionListener, org.springframework.boot.test.mock.mockito.MockitoTestExecutionListener, org.springframework.boot.test.mock.mockito.ResetMocksTestExecutionListener, org.springframework.test.context.web.ServletTestExecutionListener, org.springframework.test.context.support.DirtiesContextBeforeModesTestExecutionListener, org.springframework.test.context.event.ApplicationEventsTestExecutionListener, org.springframework.test.context.support.DependencyInjectionTestExecutionListener, org.springframework.test.context.support.DirtiesContextTestExecutionListener, org.springframework.test.context.transaction.TransactionalTestExecutionListener, org.springframework.test.context.jdbc.SqlScriptsTestExecutionListener, org.springframework.test.context.event.EventPublishingTestExecutionListener]
11:16:33.158 [Test worker] DEBUG org.springframework.boot.test.context.SpringBootTestContextBootstrapper - Skipping candidate TestExecutionListener [org.springframework.test.context.transaction.TransactionalTestExecutionListener] due to a missing dependency. Specify custom listener classes or make the default listener classes and their required dependencies available. Offending class: [org.springframework.transaction.interceptor.TransactionAttributeSource]
11:16:33.159 [Test worker] DEBUG org.springframework.boot.test.context.SpringBootTestContextBootstrapper - Skipping candidate TestExecutionListener [org.springframework.test.context.jdbc.SqlScriptsTestExecutionListener] due to a missing dependency. Specify custom listener classes or make the default listener classes and their required dependencies available. Offending class: [org.springframework.transaction.interceptor.TransactionAttribute]
11:16:33.159 [Test worker] INFO org.springframework.boot.test.context.SpringBootTestContextBootstrapper - Using TestExecutionListeners: [org.springframework.test.context.web.ServletTestExecutionListener@e24e99a2, org.springframework.test.context.support.DirtiesContextBeforeModesTestExecutionListener@d45e2e80, org.springframework.test.context.event.ApplicationEventsTestExecutionListener@7b0120d5, org.springframework.boot.test.mock.mockito.MockitoTestExecutionListener@e85ca2fc, org.springframework.boot.test.autoconfigure.SpringBootDependencyInjectionTestExecutionListener@e714c10, org.springframework.test.context.support.DirtiesContextTestExecutionListener@daa16065, org.springframework.test.context.event.EventPublishingTestExecutionListener@66a1054a, org.springframework.boot.test.autoconfigure.restdocs.RestDocsTestExecutionListener@5b878963, org.springframework.boot.test.autoconfigure.web.client.MockRestServiceServerResetTestExecutionListener@65389cf5, org.springframework.boot.test.autoconfigure.web.servlet.MockMvcPrintOnlyOnFailureTestExecutionListener@aaf61fc6, org.springframework.boot.test.autoconfigure.web.servlet.WebDriverTestExecutionListener@23da2eb6, org.springframework.boot.test.autoconfigure.webservices.client.MockWebServiceServerTestExecutionListener@db0f5ebd, org.springframework.boot.test.mock.mockito.ResetMocksTestExecutionListener@37a750c2]
11:16:33.164 [Test worker] DEBUG org.springframework.test.context.support.AbstractDirtiesContextTestExecutionListener - Before test class: context [DefaultTestContext@48fb60ef testClass = NightTimeTemperatureApplicationTests, testInstance = [null], testMethod = [null], testException = [null], mergedContextConfiguration = [WebMergedContextConfiguration@3be90afe testClass = NightTimeTemperatureApplicationTests, locations = '{}', classes = '{class com.yorkdigital.NightTimeTemperature.NightTimeTemperatureApplication}', contextInitializerClasses = '[]', activeProfiles = '{}', propertySourceLocations = '{}', propertySourceProperties = '{org.springframework.boot.test.context.SpringBootTestContextBootstrapper=true}', contextCustomizers = set[org.springframework.boot.test.autoconfigure.actuate.metrics.MetricsExportContextCustomizerFactory$DisableMetricExportContextCustomizer@c7c01bdb, org.springframework.boot.test.autoconfigure.properties.PropertyMappingContextCustomizer@0, org.springframework.boot.test.autoconfigure.web.servlet.WebDriverContextCustomizerFactory$Customizer@43f89b7b, org.springframework.boot.test.context.filter.ExcludeFilterContextCustomizer@8fd7a362, org.springframework.boot.test.json.DuplicateJsonObjectContextCustomizerFactory$DuplicateJsonObjectContextCustomizer@5a79134f, org.springframework.boot.test.mock.mockito.MockitoContextCustomizer@0, org.springframework.boot.test.web.client.TestRestTemplateContextCustomizer@82a05618, org.springframework.boot.test.context.SpringBootTestArgs@1, org.springframework.boot.test.context.SpringBootTestWebEnvironment@388de3b5], resourceBasePath = 'src/main/webapp', contextLoader = 'org.springframework.boot.test.context.SpringBootContextLoader', parent = [null]], attributes = map['org.springframework.test.context.web.ServletTestExecutionListener.activateListener' -> true]], class annotated with @DirtiesContext [false] with mode [null].
11:16:33.185 [Test worker] DEBUG org.springframework.test.context.support.TestPropertySourceUtils - Adding inlined properties to environment: {spring.jmx.enabled=false, org.springframework.boot.test.context.SpringBootTestContextBootstrapper=true}

  .   ____          _            __ _ _
 /\\ / ___'_ __ _ _(_)_ __  __ _ \ \ \ \
( ( )\___ | '_ | '_| | '_ \/ _` | \ \ \ \
 \\/  ___)| |_)| | | | | || (_| |  ) ) ) )
  '  |____| .__|_| |_|_| |_\__, | / / / /
 =========|_|==============|___/=/_/_/_/
 :: Spring Boot ::                (v2.4.4)

2021-04-14 11:16:33.519  INFO 22813 --- [    Test worker] y.N.NightTimeTemperatureApplicationTests : Starting NightTimeTemperatureApplicationTests using Java 1.8.0_252 on iMac-hitman3r44.local with PID 22813 (started by catalina in /Users/catalina/Workspace/Test/YorkDigital/NightTimeTemperature-main)
2021-04-14 11:16:33.521  INFO 22813 --- [    Test worker] y.N.NightTimeTemperatureApplicationTests : No active profile set, falling back to default profiles: default
2021-04-14 11:16:34.008  INFO 22813 --- [    Test worker] trationDelegate$BeanPostProcessorChecker : Bean 'org.springframework.ws.config.annotation.DelegatingWsConfiguration' of type [org.springframework.ws.config.annotation.DelegatingWsConfiguration$$EnhancerBySpringCGLIB$$5467eabc] is not eligible for getting processed by all BeanPostProcessors (for example: not eligible for auto-proxying)
2021-04-14 11:16:34.044  INFO 22813 --- [    Test worker] .w.s.a.s.AnnotationActionEndpointMapping : Supporting [WS-Addressing August 2004, WS-Addressing 1.0]
2021-04-14 11:16:34.377  INFO 22813 --- [    Test worker] o.s.s.concurrent.ThreadPoolTaskExecutor  : Initializing ExecutorService 'applicationTaskExecutor'
2021-04-14 11:16:34.617  INFO 22813 --- [    Test worker] y.N.NightTimeTemperatureApplicationTests : Started NightTimeTemperatureApplicationTests in 1.429 seconds (JVM running for 63.203)
2021-04-14 11:16:34.733  INFO 22813 --- [    Test worker] org.eclipse.jetty.server.Server          : jetty-9.4.38.v20210224; built: 2021-02-24T20:25:07.675Z; git: 288f3cc74549e8a913bf363250b0744f2695b8e6; jvm 1.8.0_252-b09
2021-04-14 11:16:34.734  INFO 22813 --- [    Test worker] o.e.jetty.server.handler.ContextHandler  : Started o.e.j.s.ServletContextHandler@3dfba3c0{/__admin,null,AVAILABLE}
2021-04-14 11:16:34.734  INFO 22813 --- [    Test worker] o.e.jetty.server.handler.ContextHandler  : Started o.e.j.s.ServletContextHandler@6619f65e{/,null,AVAILABLE}
2021-04-14 11:16:34.735  INFO 22813 --- [    Test worker] o.e.jetty.server.AbstractConnector       : Started NetworkTrafficServerConnector@ebbb67e1{HTTP/1.1, (http/1.1)}{0.0.0.0:9090}
2021-04-14 11:16:34.736  INFO 22813 --- [    Test worker] org.eclipse.jetty.server.Server          : Started @63322ms
Server started
2021-04-14 11:17:35.159  INFO 22813 --- [    Test worker] o.e.jetty.server.AbstractConnector       : Stopped NetworkTrafficServerConnector@ebbb67e1{HTTP/1.1, (http/1.1)}{0.0.0.0:9090}
2021-04-14 11:17:35.159  INFO 22813 --- [    Test worker] o.e.jetty.server.handler.ContextHandler  : Stopped o.e.j.s.ServletContextHandler@6619f65e{/,null,STOPPED}
2021-04-14 11:17:35.160  INFO 22813 --- [    Test worker] o.e.jetty.server.handler.ContextHandler  : Stopped o.e.j.s.ServletContextHandler@3dfba3c0{/__admin,null,STOPPED}
]]></system-out>
  <system-err><![CDATA[]]></system-err>
</testsuite>
